<?xml version="1.0" encoding="UTF-8"?>
<testng-results skipped="0" failed="0" ignored="0" total="1" passed="1">
  <reporter-output>
  </reporter-output>
  <suite name="Default suite" duration-ms="1294" started-at="2021-03-22T07:07:47Z" finished-at="2021-03-22T07:07:49Z">
    <groups>
    </groups>
    <test name="Default test" duration-ms="1294" started-at="2021-03-22T07:07:47Z" finished-at="2021-03-22T07:07:49Z">
      <class name="restAPI.GetRequestWithLogger">
        <test-method status="PASS" signature="setup()[pri:0, instance:restAPI.GetRequestWithLogger@fe18270]" name="setup" is-config="true" duration-ms="1273" started-at="2021-03-22T07:07:47Z" finished-at="2021-03-22T07:07:49Z">
          <reporter-output>
          </reporter-output>
        </test-method> <!-- setup -->
        <test-method status="PASS" signature="test1()[pri:0, instance:restAPI.GetRequestWithLogger@fe18270]" name="test1" duration-ms="6" started-at="2021-03-22T07:07:49Z" finished-at="2021-03-22T07:07:49Z">
          <reporter-output>
          </reporter-output>
        </test-method> <!-- test1 -->
      </class> <!-- restAPI.GetRequestWithLogger -->
    </test> <!-- Default test -->
  </suite> <!-- Default suite -->
</testng-results>
